\BOOKMARK [0][-]{chapter.1}{\376\377\000Z\000p\001\157\000s\000o\000b\000y\000\040\000l\000\341\000m\000\341\000n\000\355\000\040\000a\000\040\000s\000p\000o\000j\000o\000v\000\341\000n\000\355\000\040\000o\000p\000t\000i\000c\000k\000\375\000c\000h\000\040\000v\000l\000\341\000k\000e\000n}{}% 1
\BOOKMARK [1][-]{section.1.1}{\376\377\000Z\000a\000d\000\341\000n\000\355}{chapter.1}% 2
\BOOKMARK [1][-]{section.1.2}{\376\377\000L\000\341\000m\000\341\000n\000\355\000\040\000V\000l\000\341\000k\000e\000n}{chapter.1}% 3
\BOOKMARK [2][-]{subsection.1.2.1}{\376\377\000L\000\341\000m\000a\001\015\000k\000a\000\040\000s\000\040\000d\000i\000a\000m\000a\000n\000t\000o\000v\000\375\000m\000\040\000k\000o\000t\000o\000u\001\015\000e\000m}{section.1.2}% 4
\BOOKMARK [2][-]{subsection.1.2.2}{\376\377\000L\000\341\000m\000a\001\015\000k\000a\000\040\000s\000\040\000d\000i\000a\000m\000a\000n\000t\000o\000v\000\375\000m\000\040\000n\000o\001\176\000e\000m}{section.1.2}% 5
\BOOKMARK [2][-]{subsection.1.2.3}{\376\377\000L\000o\000m\000\040\000s\000e\000\040\000s\000a\000f\000\355\000r\000o\000v\000\375\000m\000\040\000n\000o\001\176\000e\000m}{section.1.2}% 6
\BOOKMARK [2][-]{subsection.1.2.4}{\376\377\000L\000o\000m\000\040\000s\000e\000\040\000s\000a\000f\000\355\000r\000o\000v\000o\000u\000\040\000d\000e\000s\000t\000i\001\015\000k\000o\000u}{section.1.2}% 7
\BOOKMARK [1][-]{section.1.3}{\376\377\000Z\000\341\000v\001\033\000r}{chapter.1}% 8
\BOOKMARK [0][-]{chapter.2}{\376\377\000M\001\033\001\131\000e\000n\000\355\000\040\000\372\000t\000l\000u\000m\000u\000\040\000m\000u\000l\000t\000i\000m\000o\000d\000o\000v\000\351\000h\000o\000\040\000v\000l\000\341\000k\000n\000a\000\040\000a\000\040\000s\000p\000o\000j\000e\000k}{}% 9
\BOOKMARK [1][-]{section.2.1}{\376\377\000Z\000a\000d\000\341\000n\000\355}{chapter.2}% 10
\BOOKMARK [1][-]{section.2.2}{\376\377\000M\001\033\001\131\000e\000n\000\355}{chapter.2}% 11
\BOOKMARK [0][-]{chapter.3}{\376\377\000M\001\033\001\131\000e\000n\000\355\000\040\000v\000l\000\341\000k\000n\000o\000v\000\351\000h\000o\000\040\000d\001\033\000l\000i\001\015\000e\000\040\000s\000v\001\033\000t\000l\000a\000\040\000a\000\040\000v\000l\000\341\000k\000n\000o\000v\000\351\000h\000o\000\040\000c\000i\000r\000k\000u\000l\000\341\000t\000o\000r\000u}{}% 12
\BOOKMARK [1][-]{section.3.1}{\376\377\000Z\000a\000d\000\341\000n\000\355}{chapter.3}% 13
\BOOKMARK [1][-]{section.3.2}{\376\377\000M\001\033\001\131\000e\000n\000\355}{chapter.3}% 14
\BOOKMARK [0][-]{chapter.4}{\376\377\000M\001\033\001\131\000e\000n\000\355\000\040\000p\001\131\000e\000n\000o\000s\000o\000v\000\375\000c\000h\000\040\000v\000l\000a\000s\000t\000n\000o\000s\000t\000\355\000\040\000m\000o\000d\000u\000l\000u\000\040\000A\000D\000S\000\040\0003\0000\0000\0000}{}% 15
\BOOKMARK [1][-]{section.4.1}{\376\377\000Z\000a\000d\000\341\000n\000\355}{chapter.4}% 16
\BOOKMARK [1][-]{section.4.2}{\376\377\000M\001\033\001\131\000e\000n\000\355}{chapter.4}% 17
\BOOKMARK [0][-]{chapter.5}{\376\377\000S\000i\000m\000u\000l\000a\000c\000e\000\040\000s\000p\000e\000k\000t\000r\000\341\000l\000n\000\355\000c\000h\000\040\000v\000l\000a\000s\000t\000n\000o\000s\000t\000\355\000\040\000v\000l\000\341\000k\000n\000o\000v\000\375\000c\000h\000\040\000m\001\131\000\355\001\176\000e\000k\000\040}{}% 18
\BOOKMARK [1][-]{section.5.1}{\376\377\000Z\000a\000d\000\341\000n\000\355}{chapter.5}% 19
\BOOKMARK [1][-]{section.5.2}{\376\377\000S\000i\000m\000u\000l\000a\000c\000e}{chapter.5}% 20
\BOOKMARK [0][-]{chapter.6}{\376\377\000M\001\033\001\131\000e\000n\000\355\000\040\000v\000l\000i\000v\000u\000\040\000o\000h\000y\000b\000y\000\040\000n\000a\000\040\000\372\000t\000l\000u\000m\000\040\000v\000l\000\341\000k\000n\000a}{}% 21
\BOOKMARK [1][-]{section.6.1}{\376\377\000Z\000a\000d\000\341\000n\000\355}{chapter.6}% 22
\BOOKMARK [1][-]{section.6.2}{\376\377\000M\001\033\001\131\000e\000n\000\355}{chapter.6}% 23
